0 info it worked if it ends with ok
1 verbose cli [ 'C:\\Program Files\\nodejs\\node.exe',
1 verbose cli   'C:\\Program Files\\nodejs\\node_modules\\npm\\bin\\npm-cli.js',
1 verbose cli   'install',
1 verbose cli   '--save',
1 verbose cli   'dgram' ]
2 info using npm@2.14.4
3 info using node@v4.1.1
4 verbose install initial load of C:\Users\Big Brother\Documents\Programming\Javascript\ScenarioGen\LolingLenin\Teacher\package.json
5 warn package.json ScenarioGen@0.0.1 No repository field.
6 warn package.json ScenarioGen@0.0.1 No README data
7 warn package.json ScenarioGen@0.0.1 No license field.
8 verbose installManyTop reading scoped package data from C:\Users\Big Brother\Documents\Programming\Javascript\ScenarioGen\LolingLenin\Teacher\node_modules\express\package.json
9 verbose installManyTop reading scoped package data from C:\Users\Big Brother\Documents\Programming\Javascript\ScenarioGen\LolingLenin\Teacher\node_modules\fs\package.json
10 verbose installManyTop reading scoped package data from C:\Users\Big Brother\Documents\Programming\Javascript\ScenarioGen\LolingLenin\Teacher\node_modules\ip\package.json
11 verbose installManyTop reading scoped package data from C:\Users\Big Brother\Documents\Programming\Javascript\ScenarioGen\LolingLenin\Teacher\node_modules\socket.io\package.json
12 info package.json fs@0.0.2 fs is also the name of a node core module.
13 info package.json fs@0.0.2 No description
14 info package.json fs@0.0.2 No repository field.
15 verbose readDependencies loading dependencies from C:\Users\Big Brother\Documents\Programming\Javascript\ScenarioGen\LolingLenin\Teacher\package.json
16 silly cache add args [ 'dgram', null ]
17 verbose cache add spec dgram
18 silly cache add parsed spec Result {
18 silly cache add   raw: 'dgram',
18 silly cache add   scope: null,
18 silly cache add   name: 'dgram',
18 silly cache add   rawSpec: '',
18 silly cache add   spec: '*',
18 silly cache add   type: 'range' }
19 silly addNamed dgram@*
20 verbose addNamed "*" is a valid semver range for dgram
21 silly addNameRange { name: 'dgram', range: '*', hasData: false }
22 silly mapToRegistry name dgram
23 silly mapToRegistry using default registry
24 silly mapToRegistry registry https://registry.npmjs.org/
25 silly mapToRegistry uri https://registry.npmjs.org/dgram
26 verbose addNameRange registry:https://registry.npmjs.org/dgram not in flight; fetching
27 verbose request uri https://registry.npmjs.org/dgram
28 verbose request no auth needed
29 info attempt registry request try #1 at 10:15:06 AM
30 verbose request id f40afccfd1f58b49
31 http request GET https://registry.npmjs.org/dgram
32 http 404 https://registry.npmjs.org/dgram
33 verbose headers { 'content-type': 'application/json',
33 verbose headers   'cache-control': 'max-age=0',
33 verbose headers   'content-length': '2',
33 verbose headers   'accept-ranges': 'bytes',
33 verbose headers   date: 'Thu, 21 Apr 2016 15:14:55 GMT',
33 verbose headers   via: '1.1 varnish',
33 verbose headers   age: '0',
33 verbose headers   connection: 'keep-alive',
33 verbose headers   'x-served-by': 'cache-jfk1020-JFK',
33 verbose headers   'x-cache': 'MISS',
33 verbose headers   'x-cache-hits': '0',
33 verbose headers   'x-timer': 'S1461251695.725922,VS0,VE24',
33 verbose headers   vary: 'Accept-Encoding' }
34 silly get cb [ 404,
34 silly get   { 'content-type': 'application/json',
34 silly get     'cache-control': 'max-age=0',
34 silly get     'content-length': '2',
34 silly get     'accept-ranges': 'bytes',
34 silly get     date: 'Thu, 21 Apr 2016 15:14:55 GMT',
34 silly get     via: '1.1 varnish',
34 silly get     age: '0',
34 silly get     connection: 'keep-alive',
34 silly get     'x-served-by': 'cache-jfk1020-JFK',
34 silly get     'x-cache': 'MISS',
34 silly get     'x-cache-hits': '0',
34 silly get     'x-timer': 'S1461251695.725922,VS0,VE24',
34 silly get     vary: 'Accept-Encoding' } ]
35 verbose stack Error: Registry returned 404 for GET on https://registry.npmjs.org/dgram
35 verbose stack     at makeError (C:\Program Files\nodejs\node_modules\npm\node_modules\npm-registry-client\lib\request.js:263:12)
35 verbose stack     at CachingRegistryClient.<anonymous> (C:\Program Files\nodejs\node_modules\npm\node_modules\npm-registry-client\lib\request.js:241:14)
35 verbose stack     at Request._callback (C:\Program Files\nodejs\node_modules\npm\node_modules\npm-registry-client\lib\request.js:171:14)
35 verbose stack     at Request.self.callback (C:\Program Files\nodejs\node_modules\npm\node_modules\request\request.js:198:22)
35 verbose stack     at emitTwo (events.js:87:13)
35 verbose stack     at Request.emit (events.js:172:7)
35 verbose stack     at Request.<anonymous> (C:\Program Files\nodejs\node_modules\npm\node_modules\request\request.js:1073:14)
35 verbose stack     at emitOne (events.js:82:20)
35 verbose stack     at Request.emit (events.js:169:7)
35 verbose stack     at IncomingMessage.<anonymous> (C:\Program Files\nodejs\node_modules\npm\node_modules\request\request.js:1019:12)
36 verbose statusCode 404
37 verbose pkgid dgram
38 verbose cwd C:\Users\Big Brother\Documents\Programming\Javascript\ScenarioGen\LolingLenin\Teacher
39 error Windows_NT 10.0.10586
40 error argv "C:\\Program Files\\nodejs\\node.exe" "C:\\Program Files\\nodejs\\node_modules\\npm\\bin\\npm-cli.js" "install" "--save" "dgram"
41 error node v4.1.1
42 error npm  v2.14.4
43 error code E404
44 error 404 Registry returned 404 for GET on https://registry.npmjs.org/dgram
44 error 404
44 error 404 'dgram' is not in the npm registry.
44 error 404 Your package name is not valid, because
44 error 404
44 error 404  1. dgram is a core module name
44 error 404 It was specified as a dependency of 'ScenarioGen'
44 error 404
44 error 404 Note that you can also install from a
44 error 404 tarball, folder, http url, or git url.
45 verbose exit [ 1, true ]
